<?xml version="1.0" encoding="UTF-8"?>
<!-- Generated by org.testng.reporters.JUnitReportReporter -->
<testsuite hostname="DESKTOP-3QFF56L" failures="0" tests="2" name="CrossBrowser.CrossBrowser1" time="54.462" errors="0" timestamp="2023-07-14T16:06:12 IST" skipped="0">
  <testcase classname="CrossBrowser.CrossBrowser1" name="OrangeHRM" time="23.380"/>
  <testcase classname="CrossBrowser.CrossBrowser1" name="OrangeHRM" time="31.082"/>
</testsuite> <!-- CrossBrowser.CrossBrowser1 -->
