<?xml version="1.0" encoding="UTF-8"?>
<!-- Generated by org.testng.reporters.JUnitReportReporter -->
<testsuite hostname="DESKTOP-3QFF56L" failures="0" tests="2" name="TestNG_feature.Day2" time="0.006" errors="0" timestamp="2023-07-07T10:28:23 IST" skipped="0">
  <testcase classname="TestNG_feature.Day2" name="Test2" time="0.002"/>
  <testcase classname="TestNG_feature.Day2" name="Test3" time="0.004"/>
</testsuite> <!-- TestNG_feature.Day2 -->
