<?xml version="1.0" encoding="UTF-8"?>
<!-- Generated by org.testng.reporters.JUnitReportReporter -->
<testsuite hostname="DESKTOP-3QFF56L" failures="0" tests="4" name="TestNG_feature.Enabled1" time="1.821" errors="0" timestamp="2023-07-06T23:05:09 IST" skipped="2">
  <testcase classname="TestNG_feature.Enabled1" name="S" time="0.078"/>
  <testcase classname="TestNG_feature.Enabled1" name="F" time="1.743"/>
  <testcase classname="TestNG_feature.Enabled1" name="A">
    <skipped/>
  </testcase> <!-- A -->
  <testcase classname="TestNG_feature.Enabled1" name="B">
    <skipped/>
  </testcase> <!-- B -->
</testsuite> <!-- TestNG_feature.Enabled1 -->
