<?xml version="1.0" encoding="UTF-8"?>
<!-- Generated by org.testng.reporters.JUnitReportReporter -->
<testsuite hostname="DESKTOP-3QFF56L" failures="0" tests="1" name="TestNG_feature.Day3" time="0.004" errors="0" timestamp="2023-07-07T10:28:23 IST" skipped="0">
  <testcase classname="TestNG_feature.Day3" name="Test4" time="0.004"/>
</testsuite> <!-- TestNG_feature.Day3 -->
