<?xml version="1.0" encoding="UTF-8"?>
<!-- Generated by org.testng.reporters.JUnitReportReporter -->
<testsuite hostname="DESKTOP-3QFF56L" failures="0" tests="2" name="Parameterization.Facebook" time="4.324" errors="0" timestamp="2023-07-15T16:19:20 IST" skipped="0">
  <testcase classname="Parameterization.Facebook" name="teardown" time="0.006"/>
  <testcase classname="Parameterization.Facebook" name="Setup" time="4.318"/>
</testsuite> <!-- Parameterization.Facebook -->
