<?xml version="1.0" encoding="UTF-8"?>
<!-- Generated by org.testng.reporters.JUnitReportReporter -->
<testsuite hostname="DESKTOP-3QFF56L" failures="0" tests="1" name="TestNG_feature.expectedExcption" time="0.014" errors="0" timestamp="2023-07-07T15:04:01 IST" skipped="0">
  <testcase classname="TestNG_feature.expectedExcption" name="LoginTest" time="0.014"/>
</testsuite> <!-- TestNG_feature.expectedExcption -->
