<?xml version="1.0" encoding="UTF-8"?>
<!-- Generated by org.testng.reporters.JUnitReportReporter -->
<testsuite hostname="DESKTOP-3QFF56L" failures="0" tests="3" name="TestNG_feature.enabledXMLfile" time="0.727" errors="0" timestamp="2023-07-07T14:26:21 IST" skipped="0">
  <testcase classname="TestNG_feature.enabledXMLfile" name="Test2" time="0.009"/>
  <testcase classname="TestNG_feature.enabledXMLfile" name="A" time="0.709"/>
  <testcase classname="TestNG_feature.enabledXMLfile" name="Test1" time="0.009"/>
</testsuite> <!-- TestNG_feature.enabledXMLfile -->
