<?xml version="1.0" encoding="UTF-8"?>
<!-- Generated by org.testng.reporters.JUnitReportReporter -->
<testsuite hostname="DESKTOP-3QFF56L" failures="0" tests="4" name="TestNG_feature.dependsOnMethod" time="0.034" errors="0" timestamp="2023-07-07T11:29:49 IST" skipped="0">
  <testcase classname="TestNG_feature.dependsOnMethod" name="LoginTest" time="0.019"/>
  <testcase classname="TestNG_feature.dependsOnMethod" name="Homepage" time="0.004"/>
  <testcase classname="TestNG_feature.dependsOnMethod" name="Refreshpage" time="0.003"/>
  <testcase classname="TestNG_feature.dependsOnMethod" name="Searchpage" time="0.008"/>
</testsuite> <!-- TestNG_feature.dependsOnMethod -->
