<?xml version="1.0" encoding="UTF-8"?>
<!-- Generated by org.testng.reporters.JUnitReportReporter -->
<testsuite hostname="DESKTOP-3QFF56L" failures="0" tests="4" name="TestNG_feature.priority" time="63.255" errors="0" timestamp="2023-07-06T22:54:57 IST" skipped="0">
  <testcase classname="TestNG_feature.priority" name="F" time="18.775"/>
  <testcase classname="TestNG_feature.priority" name="A" time="19.979"/>
  <testcase classname="TestNG_feature.priority" name="C" time="15.314"/>
  <testcase classname="TestNG_feature.priority" name="B" time="9.187"/>
</testsuite> <!-- TestNG_feature.priority -->
