<?xml version="1.0" encoding="UTF-8"?>
<!-- Generated by org.testng.reporters.JUnitReportReporter -->
<testsuite hostname="DESKTOP-3QFF56L" failures="0" tests="3" name="Annotations_TestNG.Annotations" time="0.047" errors="0" timestamp="2023-07-11T13:37:47 IST" skipped="0">
  <testcase classname="Annotations_TestNG.Annotations" name="set1" time="0.007"/>
  <testcase classname="Annotations_TestNG.Annotations" name="Title" time="0.024"/>
  <testcase classname="Annotations_TestNG.Annotations" name="set" time="0.016"/>
</testsuite> <!-- Annotations_TestNG.Annotations -->
